[ 2018-06-29T11:08:33+08:00 ] 127.0.0.1 /htdocs/TPNews/index.php
INFO: [ app_init ] --START--
INFO: Run Behavior\BuildLiteBehavior [ RunTime:0.000027s ]
INFO: [ app_init ] --END-- [ RunTime:0.328516s ]
INFO: [ app_begin ] --START--
INFO: Run Behavior\ReadHtmlCacheBehavior [ RunTime:0.043598s ]
INFO: [ app_begin ] --END-- [ RunTime:0.043734s ]
SQL: SHOW COLUMNS FROM `think_news` [ RunTime:0.0667s ]
SQL: SELECT COUNT(*) AS tp_count FROM `think_news` LIMIT 1   [ RunTime:0.4498s ]
SQL: SELECT `news_id`,`news_title`,`news_author`,`news_content`,`news_date` FROM `think_news` ORDER BY news_id desc LIMIT 0,4   [ RunTime:0.0146s ]
INFO: [ view_parse ] --START--
INFO: [ template_filter ] --START--
INFO: Run Behavior\ContentReplaceBehavior [ RunTime:0.000105s ]
INFO: [ template_filter ] --END-- [ RunTime:0.000194s ]
INFO: Run Behavior\ParseTemplateBehavior [ RunTime:0.594521s ]
INFO: [ view_parse ] --END-- [ RunTime:0.594626s ]
INFO: [ view_filter ] --START--
INFO: Run Behavior\WriteHtmlCacheBehavior [ RunTime:0.045142s ]
INFO: [ view_filter ] --END-- [ RunTime:0.045230s ]
INFO: [ app_end ] --START--
INFO: Run Behavior\ShowPageTraceBehavior [ RunTime:0.004921s ]
INFO: [ app_end ] --END-- [ RunTime:0.005054s ]

[ 2018-06-29T11:09:07+08:00 ] 127.0.0.1 /TPNews/index.php
INFO: [ app_init ] --START--
INFO: Run Behavior\BuildLiteBehavior [ RunTime:0.000016s ]
INFO: [ app_init ] --END-- [ RunTime:0.000579s ]
INFO: [ app_begin ] --START--
INFO: Run Behavior\ReadHtmlCacheBehavior [ RunTime:0.001006s ]
INFO: [ app_begin ] --END-- [ RunTime:0.001062s ]
SQL: SHOW COLUMNS FROM `think_news` [ RunTime:0.0219s ]
SQL: SELECT COUNT(*) AS tp_count FROM `think_news` LIMIT 1   [ RunTime:0.0004s ]
SQL: SELECT `news_id`,`news_title`,`news_author`,`news_content`,`news_date` FROM `think_news` ORDER BY news_id desc LIMIT 0,4   [ RunTime:0.0004s ]
INFO: [ view_parse ] --START--
INFO: [ template_filter ] --START--
INFO: Run Behavior\ContentReplaceBehavior [ RunTime:0.000065s ]
INFO: [ template_filter ] --END-- [ RunTime:0.000124s ]
INFO: Run Behavior\ParseTemplateBehavior [ RunTime:0.035356s ]
INFO: [ view_parse ] --END-- [ RunTime:0.035427s ]
INFO: [ view_filter ] --START--
INFO: Run Behavior\WriteHtmlCacheBehavior [ RunTime:0.000710s ]
INFO: [ view_filter ] --END-- [ RunTime:0.000750s ]
INFO: [ app_end ] --START--
INFO: Run Behavior\ShowPageTraceBehavior [ RunTime:0.001098s ]
INFO: [ app_end ] --END-- [ RunTime:0.001166s ]

[ 2018-06-29T11:09:09+08:00 ] 127.0.0.1 /TPNews/Home/New/news_list/news_id/40
INFO: [ app_init ] --START--
INFO: Run Behavior\BuildLiteBehavior [ RunTime:0.000014s ]
INFO: [ app_init ] --END-- [ RunTime:0.000707s ]
INFO: [ app_begin ] --START--
INFO: Run Behavior\ReadHtmlCacheBehavior [ RunTime:0.001101s ]
INFO: [ app_begin ] --END-- [ RunTime:0.001153s ]
SQL: SHOW COLUMNS FROM `think_news` [ RunTime:0.0058s ]
SQL: SHOW COLUMNS FROM `think_news` [ RunTime:0.0168s ]
SQL: update think_news set news_hits=news_hits+1 where news_id=40 [ RunTime:0.2690s ]
SQL: SELECT * FROM `think_news` WHERE `news_id` = 40  [ RunTime:0.0010s ]
INFO: [ view_parse ] --START--
INFO: [ template_filter ] --START--
INFO: Run Behavior\ContentReplaceBehavior [ RunTime:0.000037s ]
INFO: [ template_filter ] --END-- [ RunTime:0.000113s ]
INFO: Run Behavior\ParseTemplateBehavior [ RunTime:0.041681s ]
INFO: [ view_parse ] --END-- [ RunTime:0.041764s ]
INFO: [ view_filter ] --START--
INFO: Run Behavior\WriteHtmlCacheBehavior [ RunTime:0.000766s ]
INFO: [ view_filter ] --END-- [ RunTime:0.000814s ]
INFO: [ app_end ] --START--
INFO: Run Behavior\ShowPageTraceBehavior [ RunTime:0.001011s ]
INFO: [ app_end ] --END-- [ RunTime:0.001054s ]

