[ 2018-09-27T13:11:24+08:00 ] 127.0.0.1 /htdocs/TPNews/index.php
INFO: [ app_init ] --START--
INFO: Run Behavior\BuildLiteBehavior [ RunTime:0.000022s ]
INFO: [ app_init ] --END-- [ RunTime:0.013282s ]
INFO: [ app_begin ] --START--
INFO: Run Behavior\ReadHtmlCacheBehavior [ RunTime:0.002121s ]
INFO: [ app_begin ] --END-- [ RunTime:0.002248s ]
SQL: SHOW COLUMNS FROM `think_news` [ RunTime:1.0702s ]
SQL: SELECT COUNT(*) AS tp_count FROM `think_news` LIMIT 1   [ RunTime:0.4416s ]
SQL: SELECT `news_id`,`news_title`,`news_author`,`news_content`,`news_date` FROM `think_news` ORDER BY news_id desc LIMIT 0,4   [ RunTime:0.0004s ]
INFO: [ view_parse ] --START--
INFO: [ template_filter ] --START--
INFO: Run Behavior\ContentReplaceBehavior [ RunTime:0.000066s ]
INFO: [ template_filter ] --END-- [ RunTime:0.000139s ]
INFO: Run Behavior\ParseTemplateBehavior [ RunTime:0.091741s ]
INFO: [ view_parse ] --END-- [ RunTime:0.091811s ]
INFO: [ view_filter ] --START--
INFO: Run Behavior\WriteHtmlCacheBehavior [ RunTime:0.059433s ]
INFO: [ view_filter ] --END-- [ RunTime:0.059487s ]
INFO: [ app_end ] --START--
INFO: Run Behavior\ShowPageTraceBehavior [ RunTime:0.033150s ]
INFO: [ app_end ] --END-- [ RunTime:0.033216s ]

[ 2018-09-27T13:14:11+08:00 ] 127.0.0.1 /htdocs/TPNews/index.php
INFO: [ app_init ] --START--
INFO: Run Behavior\BuildLiteBehavior [ RunTime:0.000029s ]
INFO: [ app_init ] --END-- [ RunTime:0.001054s ]
INFO: [ app_begin ] --START--
INFO: Run Behavior\ReadHtmlCacheBehavior [ RunTime:0.001963s ]
INFO: [ app_begin ] --END-- [ RunTime:0.002132s ]
SQL: SHOW COLUMNS FROM `think_news` [ RunTime:0.0194s ]
SQL: SELECT COUNT(*) AS tp_count FROM `think_news` LIMIT 1   [ RunTime:0.0008s ]
SQL: SELECT `news_id`,`news_title`,`news_author`,`news_content`,`news_date` FROM `think_news` ORDER BY news_id desc LIMIT 0,4   [ RunTime:0.0010s ]
INFO: [ view_parse ] --START--
INFO: [ template_filter ] --START--
INFO: Run Behavior\ContentReplaceBehavior [ RunTime:0.000096s ]
INFO: [ template_filter ] --END-- [ RunTime:0.000177s ]
INFO: Run Behavior\ParseTemplateBehavior [ RunTime:0.023423s ]
INFO: [ view_parse ] --END-- [ RunTime:0.023525s ]
INFO: [ view_filter ] --START--
INFO: Run Behavior\WriteHtmlCacheBehavior [ RunTime:0.001396s ]
INFO: [ view_filter ] --END-- [ RunTime:0.001484s ]
INFO: [ app_end ] --START--
INFO: Run Behavior\ShowPageTraceBehavior [ RunTime:0.002304s ]
INFO: [ app_end ] --END-- [ RunTime:0.002429s ]

